-------------------------------------------------------------------------------
Test set: com.hostbooks.studentApplication.StudentApplicationTests
-------------------------------------------------------------------------------
Tests run: 1, Failures: 0, Errors: 1, Skipped: 0, Time elapsed: 9.884 s <<< FAILURE! - in com.hostbooks.studentApplication.StudentApplicationTests
contextLoads  Time elapsed: 0.307 s  <<< ERROR!
java.lang.IllegalStateException: Failed to load ApplicationContext
Caused by: org.springframework.beans.factory.UnsatisfiedDependencyException: Error creating bean with name 'addressController': Unsatisfied dependency expressed through field 'aService'; nested exception is org.springframework.beans.factory.UnsatisfiedDependencyException: Error creating bean with name 'addressServiceImpl': Unsatisfied dependency expressed through field 'sDao'; nested exception is org.springframework.beans.factory.BeanCreationException: Error creating bean with name 'studentDao' defined in com.hostbooks.studentApplication.repository.StudentDao defined in @EnableJpaRepositories declared on JpaRepositoriesRegistrar.EnableJpaRepositoriesConfiguration: Invocation of init method failed; nested exception is org.springframework.data.repository.query.QueryCreationException: Could not create query for public abstract com.hostbooks.studentApplication.entities.Student com.hostbooks.studentApplication.repository.StudentDao.findAvailableStudentByMobileNo(java.lang.String); Reason: Validation failed for query for method public abstract com.hostbooks.studentApplication.entities.Student com.hostbooks.studentApplication.repository.StudentDao.findAvailableStudentByMobileNo(java.lang.String)!; nested exception is java.lang.IllegalArgumentException: Validation failed for query for method public abstract com.hostbooks.studentApplication.entities.Student com.hostbooks.studentApplication.repository.StudentDao.findAvailableStudentByMobileNo(java.lang.String)!
Caused by: org.springframework.beans.factory.UnsatisfiedDependencyException: Error creating bean with name 'addressServiceImpl': Unsatisfied dependency expressed through field 'sDao'; nested exception is org.springframework.beans.factory.BeanCreationException: Error creating bean with name 'studentDao' defined in com.hostbooks.studentApplication.repository.StudentDao defined in @EnableJpaRepositories declared on JpaRepositoriesRegistrar.EnableJpaRepositoriesConfiguration: Invocation of init method failed; nested exception is org.springframework.data.repository.query.QueryCreationException: Could not create query for public abstract com.hostbooks.studentApplication.entities.Student com.hostbooks.studentApplication.repository.StudentDao.findAvailableStudentByMobileNo(java.lang.String); Reason: Validation failed for query for method public abstract com.hostbooks.studentApplication.entities.Student com.hostbooks.studentApplication.repository.StudentDao.findAvailableStudentByMobileNo(java.lang.String)!; nested exception is java.lang.IllegalArgumentException: Validation failed for query for method public abstract com.hostbooks.studentApplication.entities.Student com.hostbooks.studentApplication.repository.StudentDao.findAvailableStudentByMobileNo(java.lang.String)!
Caused by: org.springframework.beans.factory.BeanCreationException: Error creating bean with name 'studentDao' defined in com.hostbooks.studentApplication.repository.StudentDao defined in @EnableJpaRepositories declared on JpaRepositoriesRegistrar.EnableJpaRepositoriesConfiguration: Invocation of init method failed; nested exception is org.springframework.data.repository.query.QueryCreationException: Could not create query for public abstract com.hostbooks.studentApplication.entities.Student com.hostbooks.studentApplication.repository.StudentDao.findAvailableStudentByMobileNo(java.lang.String); Reason: Validation failed for query for method public abstract com.hostbooks.studentApplication.entities.Student com.hostbooks.studentApplication.repository.StudentDao.findAvailableStudentByMobileNo(java.lang.String)!; nested exception is java.lang.IllegalArgumentException: Validation failed for query for method public abstract com.hostbooks.studentApplication.entities.Student com.hostbooks.studentApplication.repository.StudentDao.findAvailableStudentByMobileNo(java.lang.String)!
Caused by: org.springframework.data.repository.query.QueryCreationException: Could not create query for public abstract com.hostbooks.studentApplication.entities.Student com.hostbooks.studentApplication.repository.StudentDao.findAvailableStudentByMobileNo(java.lang.String); Reason: Validation failed for query for method public abstract com.hostbooks.studentApplication.entities.Student com.hostbooks.studentApplication.repository.StudentDao.findAvailableStudentByMobileNo(java.lang.String)!; nested exception is java.lang.IllegalArgumentException: Validation failed for query for method public abstract com.hostbooks.studentApplication.entities.Student com.hostbooks.studentApplication.repository.StudentDao.findAvailableStudentByMobileNo(java.lang.String)!
Caused by: java.lang.IllegalArgumentException: Validation failed for query for method public abstract com.hostbooks.studentApplication.entities.Student com.hostbooks.studentApplication.repository.StudentDao.findAvailableStudentByMobileNo(java.lang.String)!
Caused by: java.lang.IllegalArgumentException: org.hibernate.hql.internal.ast.QuerySyntaxException: unexpected token: * near line 1, column 8 [Select * from com.hostbooks.studentApplication.entities.Student where cell_phone=:c]
Caused by: org.hibernate.hql.internal.ast.QuerySyntaxException: unexpected token: * near line 1, column 8 [Select * from com.hostbooks.studentApplication.entities.Student where cell_phone=:c]

